[2025-10-15--23-40-55 INFO actix_server::builder] starting 5 workers
[2025-10-15--23-40-55 INFO actix_server::server] Tokio runtime found; starting in existing Tokio runtime
[2025-10-15--23-40-55 INFO actix_server::server] starting service: "actix-web-service-127.0.0.1:18488", workers: 5, listening on: 127.0.0.1:18488
[2025-10-15--23-40-56 INFO parity_ws] Listening for new connections on 127.0.0.1:8900.
[2025-10-15--23-41-13 INFO txtx::svm::deploy_program] Failure Recovery Info - An ephemeral authority account will be created and funded to write to the buffer account.
[2025-10-15--23-41-13 INFO txtx::svm::deploy_program] Failure Recovery Info - Please save the following information in case the deployment fails and the account needs to be recovered:
[2025-10-15--23-41-13 INFO txtx::svm::deploy_program] Failure Recovery Info - Ephemeral authority public key: NrKextYcg5RGLA1f3CnAA8MXpwynfMEKjpCKwm4fJ59
[2025-10-15--23-41-13 INFO txtx::svm::deploy_program] Failure Recovery Info - Ephemeral authority secret key: 2h9AamJ13oNAa6dD2Y3hAkWQAprs6hGx6iJjnAXXjRipvUBYHzP6Q3seZXaZ1xQAufsiWqLTG5SgwM4hCDyWR7sy
[2025-10-15--23-41-14 INFO txtx::svm::deploy_program] Account Created - Ephemeral authority account created and funded to write to buffer
[2025-10-15--23-41-14 INFO txtx::svm::deploy_program] Failure Recovery Info - Creating program buffer account at pubkey 4JS8WW7pHMWJZr6ghkK6QWqaQDmz1psTQVB65bLyGSpf
[2025-10-15--23-41-14 INFO txtx::svm::deploy_program] Account Created - Program buffer account created
[2025-10-15--23-41-16 INFO txtx::svm::deploy_program] Buffer Ready - Writing to buffer account is complete
[2025-10-15--23-41-16 INFO txtx::svm::deploy_program] Program Created - Program DrfqhqPg77jcQoKYGg3LSuqn16QbzHMirnUFjkfvyVdF has been deployed
[2025-10-15--23-41-16 INFO txtx::svm::deploy_program] Complete - Ephemeral authority account closed and leftover funds returned to payer
[2025-10-15--23-41-16 INFO actix_server::worker] shutting down idle worker
[2025-10-15--23-41-16 INFO actix_server::worker] shutting down idle worker
[2025-10-15--23-41-16 INFO actix_server::worker] shutting down idle worker
[2025-10-15--23-41-16 INFO actix_server::worker] shutting down idle worker
[2025-10-15--23-41-16 INFO actix_server::accept] accept thread stopped
[2025-10-15--23-41-16 INFO actix_server::worker] shutting down idle worker
